18:06:48 **** Incremental Build of configuration Debug for project sensortile_virtualcom ****
make all 
Building file: ../Src/usbd_cdc_interface.c
Invoking: MCU GCC Compiler
C:\Users\popof\Desktop\School\CMU\Priya Project\Code\Sensortile\sensortile_virtualcom\Debug
arm-none-eabi-gcc -mcpu=cortex-m4 -mthumb -mfloat-abi=hard -mfpu=fpv4-sp-d16 -DUSE_HAL_DRIVER -DSTM32L476xx -I"C:/Users/popof/Desktop/School/CMU/Priya Project/Code/Sensortile/sensortile_virtualcom/Inc" -I"C:/Users/popof/Desktop/School/CMU/Priya Project/Code/Sensortile/sensortile_virtualcom/Drivers/STM32L4xx_HAL_Driver/Inc" -I"C:/Users/popof/Desktop/School/CMU/Priya Project/Code/Sensortile/sensortile_virtualcom/Drivers/STM32L4xx_HAL_Driver/Inc/Legacy" -I"C:/Users/popof/Desktop/School/CMU/Priya Project/Code/Sensortile/sensortile_virtualcom/Middlewares/ST/STM32_USB_Device_Library/Core/Inc" -I"C:/Users/popof/Desktop/School/CMU/Priya Project/Code/Sensortile/sensortile_virtualcom/Middlewares/ST/STM32_USB_Device_Library/Class/CDC/Inc" -I"C:/Users/popof/Desktop/School/CMU/Priya Project/Code/Sensortile/sensortile_virtualcom/Drivers/CMSIS/Device/ST/STM32L4xx/Include" -I"C:/Users/popof/Desktop/School/CMU/Priya Project/Code/Sensortile/sensortile_virtualcom/Drivers/CMSIS/Include"  -Og -g3 -Wall -fmessage-length=0 -ffunction-sections -c -fmessage-length=0 -MMD -MP -MF"Src/usbd_cdc_interface.d" -MT"Src/usbd_cdc_interface.o" -o "Src/usbd_cdc_interface.o" "../Src/usbd_cdc_interface.c"
In file included from C:/Users/popof/Desktop/School/CMU/Priya Project/Code/Sensortile/sensortile_virtualcom/Drivers/CMSIS/Device/ST/STM32L4xx/Include/stm32l4xx.h:150:0,
                 from C:/Users/popof/Desktop/School/CMU/Priya Project/Code/Sensortile/sensortile_virtualcom/Drivers/STM32L4xx_HAL_Driver/Inc/stm32l4xx_hal_def.h:30,
                 from C:/Users/popof/Desktop/School/CMU/Priya Project/Code/Sensortile/sensortile_virtualcom/Drivers/STM32L4xx_HAL_Driver/Inc/stm32l4xx_hal_rcc.h:29,
                 from C:/Users/popof/Desktop/School/CMU/Priya Project/Code/Sensortile/sensortile_virtualcom/Inc/stm32l4xx_hal_conf.h:226,
                 from C:/Users/popof/Desktop/School/CMU/Priya Project/Code/Sensortile/sensortile_virtualcom/Drivers/STM32L4xx_HAL_Driver/Inc/stm32l4xx_hal.h:30,
                 from C:/Users/popof/Desktop/School/CMU/Priya Project/Code/Sensortile/sensortile_virtualcom/Inc/main.h:31,
                 from ../Src/usbd_cdc_interface.c:49:
C:/Users/popof/Desktop/School/CMU/Priya Project/Code/Sensortile/sensortile_virtualcom/Drivers/CMSIS/Device/ST/STM32L4xx/Include/stm32l476xx.h:1133:31: error: expected declaration specifiers or '...' before '(' token
 #define PERIPH_BASE           (0x40000000UL) /*!< Peripheral base address */
                               ^
C:/Users/popof/Desktop/School/CMU/Priya Project/Code/Sensortile/sensortile_virtualcom/Drivers/CMSIS/Device/ST/STM32L4xx/Include/stm32l476xx.h:1155:32: note: in expansion of macro 'PERIPH_BASE'
 #define APB1PERIPH_BASE        PERIPH_BASE
                                ^~~~~~~~~~~
C:/Users/popof/Desktop/School/CMU/Priya Project/Code/Sensortile/sensortile_virtualcom/Drivers/CMSIS/Device/ST/STM32L4xx/Include/stm32l476xx.h:1169:32: note: in expansion of macro 'APB1PERIPH_BASE'
 #define TIM3_BASE             (APB1PERIPH_BASE + 0x0400UL)
                                ^~~~~~~~~~~~~~~
C:/Users/popof/Desktop/School/CMU/Priya Project/Code/Sensortile/sensortile_virtualcom/Drivers/CMSIS/Device/ST/STM32L4xx/Include/stm32l476xx.h:1321:46: note: in expansion of macro 'TIM3_BASE'
 #define TIM3                ((TIM_TypeDef *) TIM3_BASE)
                                              ^~~~~~~~~
C:/Users/popof/Desktop/School/CMU/Priya Project/Code/Sensortile/sensortile_virtualcom/Inc/usbd_cdc_interface.h:60:42: note: in expansion of macro 'TIM3'
 #define TIMx                             TIM3
                                          ^~~~
C:/Users/popof/Desktop/School/CMU/Priya Project/Code/Sensortile/sensortile_virtualcom/Drivers/STM32L4xx_HAL_Driver/Inc/stm32l4xx_hal_tim.h:2211:38: note: in expansion of macro 'TIMx'
 void TIM_Base_SetConfig(TIM_TypeDef *TIMx, TIM_Base_InitTypeDef *Structure);
                                      ^~~~
In file included from ../Src/usbd_cdc_interface.c:50:0:
C:/Users/popof/Desktop/School/CMU/Priya Project/Code/Sensortile/sensortile_virtualcom/Drivers/STM32L4xx_HAL_Driver/Inc/stm32l4xx_hal_tim.h:2211:44: error: expected ';', ',' or ')' before 'TIM_Base_InitTypeDef'
 void TIM_Base_SetConfig(TIM_TypeDef *TIMx, TIM_Base_InitTypeDef *Structure);
                                            ^~~~~~~~~~~~~~~~~~~~
In file included from C:/Users/popof/Desktop/School/CMU/Priya Project/Code/Sensortile/sensortile_virtualcom/Drivers/CMSIS/Device/ST/STM32L4xx/Include/stm32l4xx.h:150:0,
                 from C:/Users/popof/Desktop/School/CMU/Priya Project/Code/Sensortile/sensortile_virtualcom/Drivers/STM32L4xx_HAL_Driver/Inc/stm32l4xx_hal_def.h:30,
                 from C:/Users/popof/Desktop/School/CMU/Priya Project/Code/Sensortile/sensortile_virtualcom/Drivers/STM32L4xx_HAL_Driver/Inc/stm32l4xx_hal_rcc.h:29,
                 from C:/Users/popof/Desktop/School/CMU/Priya Project/Code/Sensortile/sensortile_virtualcom/Inc/stm32l4xx_hal_conf.h:226,
                 from C:/Users/popof/Desktop/School/CMU/Priya Project/Code/Sensortile/sensortile_virtualcom/Drivers/STM32L4xx_HAL_Driver/Inc/stm32l4xx_hal.h:30,
                 from C:/Users/popof/Desktop/School/CMU/Priya Project/Code/Sensortile/sensortile_virtualcom/Inc/main.h:31,
                 from ../Src/usbd_cdc_interface.c:49:
C:/Users/popof/Desktop/School/CMU/Priya Project/Code/Sensortile/sensortile_virtualcom/Drivers/CMSIS/Device/ST/STM32L4xx/Include/stm32l476xx.h:1133:31: error: expected declaration specifiers or '...' before '(' token
 #define PERIPH_BASE           (0x40000000UL) /*!< Peripheral base address */
                               ^
C:/Users/popof/Desktop/School/CMU/Priya Project/Code/Sensortile/sensortile_virtualcom/Drivers/CMSIS/Device/ST/STM32L4xx/Include/stm32l476xx.h:1155:32: note: in expansion of macro 'PERIPH_BASE'
 #define APB1PERIPH_BASE        PERIPH_BASE
                                ^~~~~~~~~~~
C:/Users/popof/Desktop/School/CMU/Priya Project/Code/Sensortile/sensortile_virtualcom/Drivers/CMSIS/Device/ST/STM32L4xx/Include/stm32l476xx.h:1169:32: note: in expansion of macro 'APB1PERIPH_BASE'
 #define TIM3_BASE             (APB1PERIPH_BASE + 0x0400UL)
                                ^~~~~~~~~~~~~~~
C:/Users/popof/Desktop/School/CMU/Priya Project/Code/Sensortile/sensortile_virtualcom/Drivers/CMSIS/Device/ST/STM32L4xx/Include/stm32l476xx.h:1321:46: note: in expansion of macro 'TIM3_BASE'
 #define TIM3                ((TIM_TypeDef *) TIM3_BASE)
                                              ^~~~~~~~~
C:/Users/popof/Desktop/School/CMU/Priya Project/Code/Sensortile/sensortile_virtualcom/Inc/usbd_cdc_interface.h:60:42: note: in expansion of macro 'TIM3'
 #define TIMx                             TIM3
                                          ^~~~
C:/Users/popof/Desktop/School/CMU/Priya Project/Code/Sensortile/sensortile_virtualcom/Drivers/STM32L4xx_HAL_Driver/Inc/stm32l4xx_hal_tim.h:2212:37: note: in expansion of macro 'TIMx'
 void TIM_TI1_SetConfig(TIM_TypeDef *TIMx, uint32_t TIM_ICPolarity, uint32_t TIM_ICSelection, uint32_t TIM_ICFilter);
                                     ^~~~
In file included from ../Src/usbd_cdc_interface.c:50:0:
C:/Users/popof/Desktop/School/CMU/Priya Project/Code/Sensortile/sensortile_virtualcom/Drivers/STM32L4xx_HAL_Driver/Inc/stm32l4xx_hal_tim.h:2212:43: error: expected ';', ',' or ')' before 'uint32_t'
 void TIM_TI1_SetConfig(TIM_TypeDef *TIMx, uint32_t TIM_ICPolarity, uint32_t TIM_ICSelection, uint32_t TIM_ICFilter);
                                           ^~~~~~~~
In file included from C:/Users/popof/Desktop/School/CMU/Priya Project/Code/Sensortile/sensortile_virtualcom/Drivers/CMSIS/Device/ST/STM32L4xx/Include/stm32l4xx.h:150:0,
                 from C:/Users/popof/Desktop/School/CMU/Priya Project/Code/Sensortile/sensortile_virtualcom/Drivers/STM32L4xx_HAL_Driver/Inc/stm32l4xx_hal_def.h:30,
                 from C:/Users/popof/Desktop/School/CMU/Priya Project/Code/Sensortile/sensortile_virtualcom/Drivers/STM32L4xx_HAL_Driver/Inc/stm32l4xx_hal_rcc.h:29,
                 from C:/Users/popof/Desktop/School/CMU/Priya Project/Code/Sensortile/sensortile_virtualcom/Inc/stm32l4xx_hal_conf.h:226,
                 from C:/Users/popof/Desktop/School/CMU/Priya Project/Code/Sensortile/sensortile_virtualcom/Drivers/STM32L4xx_HAL_Driver/Inc/stm32l4xx_hal.h:30,
                 from C:/Users/popof/Desktop/School/CMU/Priya Project/Code/Sensortile/sensortile_virtualcom/Inc/main.h:31,
                 from ../Src/usbd_cdc_interface.c:49:
C:/Users/popof/Desktop/School/CMU/Priya Project/Code/Sensortile/sensortile_virtualcom/Drivers/CMSIS/Device/ST/STM32L4xx/Include/stm32l476xx.h:1133:31: error: expected declaration specifiers or '...' before '(' token
 #define PERIPH_BASE           (0x40000000UL) /*!< Peripheral base address */
                               ^
C:/Users/popof/Desktop/School/CMU/Priya Project/Code/Sensortile/sensortile_virtualcom/Drivers/CMSIS/Device/ST/STM32L4xx/Include/stm32l476xx.h:1155:32: note: in expansion of macro 'PERIPH_BASE'
 #define APB1PERIPH_BASE        PERIPH_BASE
                                ^~~~~~~~~~~
C:/Users/popof/Desktop/School/CMU/Priya Project/Code/Sensortile/sensortile_virtualcom/Drivers/CMSIS/Device/ST/STM32L4xx/Include/stm32l476xx.h:1169:32: note: in expansion of macro 'APB1PERIPH_BASE'
 #define TIM3_BASE             (APB1PERIPH_BASE + 0x0400UL)
                                ^~~~~~~~~~~~~~~
C:/Users/popof/Desktop/School/CMU/Priya Project/Code/Sensortile/sensortile_virtualcom/Drivers/CMSIS/Device/ST/STM32L4xx/Include/stm32l476xx.h:1321:46: note: in expansion of macro 'TIM3_BASE'
 #define TIM3                ((TIM_TypeDef *) TIM3_BASE)
                                              ^~~~~~~~~
C:/Users/popof/Desktop/School/CMU/Priya Project/Code/Sensortile/sensortile_virtualcom/Inc/usbd_cdc_interface.h:60:42: note: in expansion of macro 'TIM3'
 #define TIMx                             TIM3
                                          ^~~~
C:/Users/popof/Desktop/School/CMU/Priya Project/Code/Sensortile/sensortile_virtualcom/Drivers/STM32L4xx_HAL_Driver/Inc/stm32l4xx_hal_tim.h:2213:37: note: in expansion of macro 'TIMx'
 void TIM_OC2_SetConfig(TIM_TypeDef *TIMx, TIM_OC_InitTypeDef *OC_Config);
                                     ^~~~
In file included from ../Src/usbd_cdc_interface.c:50:0:
C:/Users/popof/Desktop/School/CMU/Priya Project/Code/Sensortile/sensortile_virtualcom/Drivers/STM32L4xx_HAL_Driver/Inc/stm32l4xx_hal_tim.h:2213:43: error: expected ';', ',' or ')' before 'TIM_OC_InitTypeDef'
 void TIM_OC2_SetConfig(TIM_TypeDef *TIMx, TIM_OC_InitTypeDef *OC_Config);
                                           ^~~~~~~~~~~~~~~~~~
In file included from C:/Users/popof/Desktop/School/CMU/Priya Project/Code/Sensortile/sensortile_virtualcom/Drivers/CMSIS/Device/ST/STM32L4xx/Include/stm32l4xx.h:150:0,
                 from C:/Users/popof/Desktop/School/CMU/Priya Project/Code/Sensortile/sensortile_virtualcom/Drivers/STM32L4xx_HAL_Driver/Inc/stm32l4xx_hal_def.h:30,
                 from C:/Users/popof/Desktop/School/CMU/Priya Project/Code/Sensortile/sensortile_virtualcom/Drivers/STM32L4xx_HAL_Driver/Inc/stm32l4xx_hal_rcc.h:29,
                 from C:/Users/popof/Desktop/School/CMU/Priya Project/Code/Sensortile/sensortile_virtualcom/Inc/stm32l4xx_hal_conf.h:226,
                 from C:/Users/popof/Desktop/School/CMU/Priya Project/Code/Sensortile/sensortile_virtualcom/Drivers/STM32L4xx_HAL_Driver/Inc/stm32l4xx_hal.h:30,
                 from C:/Users/popof/Desktop/School/CMU/Priya Project/Code/Sensortile/sensortile_virtualcom/Inc/main.h:31,
                 from ../Src/usbd_cdc_interface.c:49:
C:/Users/popof/Desktop/School/CMU/Priya Project/Code/Sensortile/sensortile_virtualcom/Drivers/CMSIS/Device/ST/STM32L4xx/Include/stm32l476xx.h:1133:31: error: expected declaration specifiers or '...' before '(' token
 #define PERIPH_BASE           (0x40000000UL) /*!< Peripheral base address */
                               ^
C:/Users/popof/Desktop/School/CMU/Priya Project/Code/Sensortile/sensortile_virtualcom/Drivers/CMSIS/Device/ST/STM32L4xx/Include/stm32l476xx.h:1155:32: note: in expansion of macro 'PERIPH_BASE'
 #define APB1PERIPH_BASE        PERIPH_BASE
                                ^~~~~~~~~~~
C:/Users/popof/Desktop/School/CMU/Priya Project/Code/Sensortile/sensortile_virtualcom/Drivers/CMSIS/Device/ST/STM32L4xx/Include/stm32l476xx.h:1169:32: note: in expansion of macro 'APB1PERIPH_BASE'
 #define TIM3_BASE             (APB1PERIPH_BASE + 0x0400UL)
                                ^~~~~~~~~~~~~~~
C:/Users/popof/Desktop/School/CMU/Priya Project/Code/Sensortile/sensortile_virtualcom/Drivers/CMSIS/Device/ST/STM32L4xx/Include/stm32l476xx.h:1321:46: note: in expansion of macro 'TIM3_BASE'
 #define TIM3                ((TIM_TypeDef *) TIM3_BASE)
                                              ^~~~~~~~~
C:/Users/popof/Desktop/School/CMU/Priya Project/Code/Sensortile/sensortile_virtualcom/Inc/usbd_cdc_interface.h:60:42: note: in expansion of macro 'TIM3'
 #define TIMx                             TIM3
                                          ^~~~
C:/Users/popof/Desktop/School/CMU/Priya Project/Code/Sensortile/sensortile_virtualcom/Drivers/STM32L4xx_HAL_Driver/Inc/stm32l4xx_hal_tim.h:2214:37: note: in expansion of macro 'TIMx'
 void TIM_ETR_SetConfig(TIM_TypeDef *TIMx, uint32_t TIM_ExtTRGPrescaler,
                                     ^~~~
In file included from ../Src/usbd_cdc_interface.c:50:0:
C:/Users/popof/Desktop/School/CMU/Priya Project/Code/Sensortile/sensortile_virtualcom/Drivers/STM32L4xx_HAL_Driver/Inc/stm32l4xx_hal_tim.h:2214:43: error: expected ';', ',' or ')' before 'uint32_t'
 void TIM_ETR_SetConfig(TIM_TypeDef *TIMx, uint32_t TIM_ExtTRGPrescaler,
                                           ^~~~~~~~
In file included from C:/Users/popof/Desktop/School/CMU/Priya Project/Code/Sensortile/sensortile_virtualcom/Drivers/CMSIS/Device/ST/STM32L4xx/Include/stm32l4xx.h:150:0,
                 from C:/Users/popof/Desktop/School/CMU/Priya Project/Code/Sensortile/sensortile_virtualcom/Drivers/STM32L4xx_HAL_Driver/Inc/stm32l4xx_hal_def.h:30,
                 from C:/Users/popof/Desktop/School/CMU/Priya Project/Code/Sensortile/sensortile_virtualcom/Drivers/STM32L4xx_HAL_Driver/Inc/stm32l4xx_hal_rcc.h:29,
                 from C:/Users/popof/Desktop/School/CMU/Priya Project/Code/Sensortile/sensortile_virtualcom/Inc/stm32l4xx_hal_conf.h:226,
                 from C:/Users/popof/Desktop/School/CMU/Priya Project/Code/Sensortile/sensortile_virtualcom/Drivers/STM32L4xx_HAL_Driver/Inc/stm32l4xx_hal.h:30,
                 from C:/Users/popof/Desktop/School/CMU/Priya Project/Code/Sensortile/sensortile_virtualcom/Inc/main.h:31,
                 from ../Src/usbd_cdc_interface.c:49:
C:/Users/popof/Desktop/School/CMU/Priya Project/Code/Sensortile/sensortile_virtualcom/Drivers/CMSIS/Device/ST/STM32L4xx/Include/stm32l476xx.h:1133:31: error: expected declaration specifiers or '...' before '(' token
 #define PERIPH_BASE           (0x40000000UL) /*!< Peripheral base address */
                               ^
C:/Users/popof/Desktop/School/CMU/Priya Project/Code/Sensortile/sensortile_virtualcom/Drivers/CMSIS/Device/ST/STM32L4xx/Include/stm32l476xx.h:1155:32: note: in expansion of macro 'PERIPH_BASE'
 #define APB1PERIPH_BASE        PERIPH_BASE
                                ^~~~~~~~~~~
C:/Users/popof/Desktop/School/CMU/Priya Project/Code/Sensortile/sensortile_virtualcom/Drivers/CMSIS/Device/ST/STM32L4xx/Include/stm32l476xx.h:1169:32: note: in expansion of macro 'APB1PERIPH_BASE'
 #define TIM3_BASE             (APB1PERIPH_BASE + 0x0400UL)
                                ^~~~~~~~~~~~~~~
C:/Users/popof/Desktop/School/CMU/Priya Project/Code/Sensortile/sensortile_virtualcom/Drivers/CMSIS/Device/ST/STM32L4xx/Include/stm32l476xx.h:1321:46: note: in expansion of macro 'TIM3_BASE'
 #define TIM3                ((TIM_TypeDef *) TIM3_BASE)
                                              ^~~~~~~~~
C:/Users/popof/Desktop/School/CMU/Priya Project/Code/Sensortile/sensortile_virtualcom/Inc/usbd_cdc_interface.h:60:42: note: in expansion of macro 'TIM3'
 #define TIMx                             TIM3
                                          ^~~~
C:/Users/popof/Desktop/School/CMU/Priya Project/Code/Sensortile/sensortile_virtualcom/Drivers/STM32L4xx_HAL_Driver/Inc/stm32l4xx_hal_tim.h:2222:37: note: in expansion of macro 'TIMx'
 void TIM_CCxChannelCmd(TIM_TypeDef *TIMx, uint32_t Channel, uint32_t ChannelState);
                                     ^~~~
In file included from ../Src/usbd_cdc_interface.c:50:0:
C:/Users/popof/Desktop/School/CMU/Priya Project/Code/Sensortile/sensortile_virtualcom/Drivers/STM32L4xx_HAL_Driver/Inc/stm32l4xx_hal_tim.h:2222:43: error: expected ';', ',' or ')' before 'uint32_t'
 void TIM_CCxChannelCmd(TIM_TypeDef *TIMx, uint32_t Channel, uint32_t ChannelState);
                                           ^~~~~~~~
make: *** [Src/usbd_cdc_interface.o] Error 1
Src/subdir.mk:39: recipe for target 'Src/usbd_cdc_interface.o' failed

18:06:49 Build Finished (took 609ms)

